<?xml version="1.0" encoding="UTF-8"?>
<!-- Generated by org.testng.reporters.JUnitXMLReporter -->
<testsuite ignored="0" hostname="SumanthReddy" failures="0" tests="2" name="TestRunner1" time="21.603" errors="0" timestamp="2024-08-06T13:46:46 IST">
  <testcase classname="com.Ecomm.BaseClass.Create_Sub_Category_Test" name="create_Sub_Cat_Test" time="0.005"/>
  <testcase classname="com.Ecomm.BaseClass.Create_Sub_Category_Test" name="edit_Sub_Cat_Test" time="0.002"/>
</testsuite> <!-- TestRunner1 -->
