<?xml version="1.0" encoding="UTF-8"?>
<!-- Generated by org.testng.reporters.JUnitXMLReporter -->
<testsuite ignored="4" hostname="SumanthReddy" failures="0" tests="8" name="Test" time="34.953" errors="0" timestamp="2024-08-06T13:46:09 IST">
  <testcase classname="com.Ecomm.BaseClass.Create_Category_Test" name="create_Cat_Test" time="0.021"/>
  <testcase classname="com.Ecomm.BaseClass.Create_Category_Test" name="delete_Cat_Test" time="0.008"/>
  <testcase classname="com.Ecomm.BaseClass.Create_Category_Test" name="edit_Cat_Test" time="0.018"/>
  <testcase classname="com.Ecomm.BaseClass.Create_Sub_Category_Test" name="create_Sub_Cat_Test" time="0.011"/>
  <testcase classname="com.Ecomm.BaseClass.Create_Sub_Category_Test" name="edit_Sub_Cat_Test" time="0.003"/>
  <testcase classname="com.Ecomm.BaseClass.Insert_Product_Test" name="delete_Product_Test" time="0.006"/>
  <testcase classname="com.Ecomm.BaseClass.Insert_Product_Test" name="edit_Product_Test" time="0.013"/>
  <testcase classname="com.Ecomm.BaseClass.Insert_Product_Test" name="insert_Product_Test" time="0.004"/>
  <testcase classname="com.Target.Ecomm.GenericUtility.baseClass.BaseClass" name="@AfterSuite asConfig" time="0.0">
    <ignored/>
  </testcase> <!-- @AfterSuite asConfig -->
  <testcase classname="com.Target.Ecomm.GenericUtility.baseClass.BaseClass" name="@BeforeSuite bsConfig" time="0.0">
    <ignored/>
  </testcase> <!-- @BeforeSuite bsConfig -->
  <testcase classname="com.Target.Ecomm.GenericUtility.baseClass.BaseClass" name="@BeforeSuite bsConfig" time="0.0">
    <ignored/>
  </testcase> <!-- @BeforeSuite bsConfig -->
  <testcase classname="com.Target.Ecomm.GenericUtility.baseClass.BaseClass" name="@AfterSuite asConfig" time="0.0">
    <ignored/>
  </testcase> <!-- @AfterSuite asConfig -->
</testsuite> <!-- Test -->
