<?xml version="1.0" encoding="UTF-8"?>
<!-- Generated by org.testng.reporters.JUnitXMLReporter -->
<testsuite ignored="0" hostname="SumanthReddy" failures="0" tests="3" name="TestRunner3" time="22.731" errors="0" timestamp="2024-08-06T13:46:47 IST">
  <testcase classname="com.Ecomm.BaseClass.Insert_Product_Test" name="delete_Product_Test" time="0.007"/>
  <testcase classname="com.Ecomm.BaseClass.Insert_Product_Test" name="edit_Product_Test" time="0.003"/>
  <testcase classname="com.Ecomm.BaseClass.Insert_Product_Test" name="insert_Product_Test" time="0.003"/>
</testsuite> <!-- TestRunner3 -->
