<?xml version="1.0" encoding="UTF-8"?>
<!-- Generated by org.testng.reporters.JUnitXMLReporter -->
<testsuite ignored="0" hostname="SumanthReddy" failures="0" tests="3" name="TestRunner2" time="21.285" errors="0" timestamp="2024-08-06T13:46:46 IST">
  <testcase classname="com.Ecomm.BaseClass.Create_Category_Test" name="create_Cat_Test" time="0.022"/>
  <testcase classname="com.Ecomm.BaseClass.Create_Category_Test" name="delete_Cat_Test" time="0.004"/>
  <testcase classname="com.Ecomm.BaseClass.Create_Category_Test" name="edit_Cat_Test" time="0.012"/>
</testsuite> <!-- TestRunner2 -->
