<?xml version="1.0" encoding="UTF-8"?>
<testng-results ignored="0" total="1" passed="1" failed="0" skipped="0">
  <reporter-output>
  </reporter-output>
  <suite started-at="2024-07-24T12:13:30 IST" name="Surefire suite" finished-at="2024-07-24T12:13:43 IST" duration-ms="13190">
    <groups>
    </groups>
    <test started-at="2024-07-24T12:13:30 IST" name="Surefire test" finished-at="2024-07-24T12:13:43 IST" duration-ms="13190">
      <class name="DDT.Login_Using_Maven_RunTime">
        <test-method signature="login()[pri:0, instance:DDT.Login_Using_Maven_RunTime@794cb805]" started-at="2024-07-24T12:13:30 IST" name="login" finished-at="2024-07-24T12:13:43 IST" duration-ms="13130" status="PASS">
          <reporter-output>
          </reporter-output>
        </test-method> <!-- login -->
      </class> <!-- DDT.Login_Using_Maven_RunTime -->
    </test> <!-- Surefire test -->
  </suite> <!-- Surefire suite -->
</testng-results>
